[31-Jan-2025 15:11:50 UTC] PHP Warning:  require_once(C:\inetpub\wwwroot\apppcr\pcrapp\app\core../controllers/AuthController.php): Failed to open stream: No such file or directory in C:\inetpub\wwwroot\apppcr\pcrapp\app\core\Bootstrap.php on line 5
[31-Jan-2025 15:11:50 UTC] PHP Fatal error:  Uncaught Error: Failed opening required 'C:\inetpub\wwwroot\apppcr\pcrapp\app\core../controllers/AuthController.php' (include_path='.;C:\php\pear') in C:\inetpub\wwwroot\apppcr\pcrapp\app\core\Bootstrap.php:5
Stack trace:
#0 C:\inetpub\wwwroot\apppcr\pcrapp\public\index.php(2): require_once()
#1 {main}
  thrown in C:\inetpub\wwwroot\apppcr\pcrapp\app\core\Bootstrap.php on line 5
[31-Jan-2025 15:35:37 UTC] PHP Fatal error:  Uncaught Error: Undefined constant "BASE_URL" in C:\inetpub\wwwroot\apppcr\pcrapp\app\controllers\AuthController.php:25
Stack trace:
#0 C:\inetpub\wwwroot\apppcr\pcrapp\app\core\Bootstrap.php(5): require_once()
#1 C:\inetpub\wwwroot\apppcr\pcrapp\public\index.php(2): require_once('...')
#2 {main}
  thrown in C:\inetpub\wwwroot\apppcr\pcrapp\app\controllers\AuthController.php on line 25
[31-Jan-2025 17:19:31 UTC] PHP Notice:  session_start(): Ignoring session_start() because a session is already active (started from C:\inetpub\wwwroot\apppcr\pcrapp\app\controllers\AuthController.php on line 2) in C:\inetpub\wwwroot\apppcr\pcrapp\app\views\main.php on line 2
[31-Jan-2025 17:19:31 UTC] PHP Warning:  include(C:\inetpub\wwwroot\apppcr\pcrapp\app\views/../templates/header.php): Failed to open stream: No such file or directory in C:\inetpub\wwwroot\apppcr\pcrapp\app\views\main.php on line 8
[31-Jan-2025 17:19:31 UTC] PHP Warning:  include(): Failed opening 'C:\inetpub\wwwroot\apppcr\pcrapp\app\views/../templates/header.php' for inclusion (include_path='.;C:\php\pear') in C:\inetpub\wwwroot\apppcr\pcrapp\app\views\main.php on line 8
[31-Jan-2025 17:19:31 UTC] PHP Warning:  include(C:\inetpub\wwwroot\apppcr\pcrapp\app\views/../templates/footer.php): Failed to open stream: No such file or directory in C:\inetpub\wwwroot\apppcr\pcrapp\app\views\main.php on line 88
[31-Jan-2025 17:19:31 UTC] PHP Warning:  include(): Failed opening 'C:\inetpub\wwwroot\apppcr\pcrapp\app\views/../templates/footer.php' for inclusion (include_path='.;C:\php\pear') in C:\inetpub\wwwroot\apppcr\pcrapp\app\views\main.php on line 88
[31-Jan-2025 17:20:11 UTC] PHP Warning:  include(C:\inetpub\wwwroot\apppcr\pcrapp\app\views/../templates/header.php): Failed to open stream: No such file or directory in C:\inetpub\wwwroot\apppcr\pcrapp\app\views\main.php on line 8
[31-Jan-2025 17:20:11 UTC] PHP Warning:  include(): Failed opening 'C:\inetpub\wwwroot\apppcr\pcrapp\app\views/../templates/header.php' for inclusion (include_path='.;C:\php\pear') in C:\inetpub\wwwroot\apppcr\pcrapp\app\views\main.php on line 8
[31-Jan-2025 17:20:11 UTC] PHP Warning:  include(C:\inetpub\wwwroot\apppcr\pcrapp\app\views/../templates/footer.php): Failed to open stream: No such file or directory in C:\inetpub\wwwroot\apppcr\pcrapp\app\views\main.php on line 88
[31-Jan-2025 17:20:11 UTC] PHP Warning:  include(): Failed opening 'C:\inetpub\wwwroot\apppcr\pcrapp\app\views/../templates/footer.php' for inclusion (include_path='.;C:\php\pear') in C:\inetpub\wwwroot\apppcr\pcrapp\app\views\main.php on line 88
[31-Jan-2025 17:29:14 UTC] PHP Fatal error:  Uncaught Error: Undefined constant "BASE_URL" in C:\inetpub\wwwroot\apppcr\pcrapp\app\views\login.php:38
Stack trace:
#0 C:\inetpub\wwwroot\apppcr\pcrapp\app\controllers\AuthController.php(27): require_once()
#1 C:\inetpub\wwwroot\apppcr\pcrapp\app\core\Bootstrap.php(5): require_once('...')
#2 C:\inetpub\wwwroot\apppcr\pcrapp\public\index.php(2): require_once('...')
#3 {main}
  thrown in C:\inetpub\wwwroot\apppcr\pcrapp\app\views\login.php on line 38
[31-Jan-2025 17:31:02 UTC] PHP Fatal error:  Uncaught Error: Undefined constant "BASE_URL" in C:\inetpub\wwwroot\apppcr\pcrapp\app\views\login.php:38
Stack trace:
#0 C:\inetpub\wwwroot\apppcr\pcrapp\app\controllers\AuthController.php(27): require_once()
#1 C:\inetpub\wwwroot\apppcr\pcrapp\app\core\Bootstrap.php(5): require_once('...')
#2 C:\inetpub\wwwroot\apppcr\pcrapp\public\index.php(2): require_once('...')
#3 {main}
  thrown in C:\inetpub\wwwroot\apppcr\pcrapp\app\views\login.php on line 38
